d:\computer graphics\solovev_platonic_solids\solovev_platonic_solids\debug\vc120.pdb
d:\computer graphics\solovev_platonic_solids\solovev_platonic_solids\debug\.netframework,version=v4.5.assemblyattributes.obj
d:\computer graphics\solovev_platonic_solids\solovev_platonic_solids\debug\myform.obj
d:\computer graphics\solovev_platonic_solids\solovev_platonic_solids\debug\matrixmethods.obj
d:\computer graphics\solovev_platonic_solids\solovev_platonic_solids\debug\mypyramid.obj
d:\computer graphics\solovev_platonic_solids\solovev_platonic_solids\debug\myformabout.obj
d:\computer graphics\solovev_platonic_solids\solovev_platonic_solids\debug\figure.obj
d:\computer graphics\solovev_platonic_solids\debug\solovev_platonic_solids.exe
d:\computer graphics\solovev_platonic_solids\debug\solovev_platonic_solids.pdb
d:\computer graphics\solovev_platonic_solids\solovev_platonic_solids\debug\solovev_platonic_solids.myform.resources
d:\computer graphics\solovev_platonic_solids\solovev_platonic_solids\debug\solovev_platonic_solids.vcxproj.generateresource.cache
d:\computer graphics\solovev_platonic_solids\solovev_platonic_solids\debug\solovev_platonic_solids.vcxprojresolveassemblyreference.cache
d:\computer graphics\solovev_platonic_solids\solovev_platonic_solids\debug\solovev_.eaa79df4.tlog\cl.command.1.tlog
d:\computer graphics\solovev_platonic_solids\solovev_platonic_solids\debug\solovev_.eaa79df4.tlog\cl.read.1.tlog
d:\computer graphics\solovev_platonic_solids\solovev_platonic_solids\debug\solovev_.eaa79df4.tlog\cl.write.1.tlog
d:\computer graphics\solovev_platonic_solids\solovev_platonic_solids\debug\solovev_.eaa79df4.tlog\link.4408-cvtres.read.1.tlog
d:\computer graphics\solovev_platonic_solids\solovev_platonic_solids\debug\solovev_.eaa79df4.tlog\link.4408-cvtres.write.1.tlog
d:\computer graphics\solovev_platonic_solids\solovev_platonic_solids\debug\solovev_.eaa79df4.tlog\link.4408-rc.read.1.tlog
d:\computer graphics\solovev_platonic_solids\solovev_platonic_solids\debug\solovev_.eaa79df4.tlog\link.4408-rc.write.1.tlog
d:\computer graphics\solovev_platonic_solids\solovev_platonic_solids\debug\solovev_.eaa79df4.tlog\link.4408.read.1.tlog
d:\computer graphics\solovev_platonic_solids\solovev_platonic_solids\debug\solovev_.eaa79df4.tlog\link.4408.write.1.tlog
d:\computer graphics\solovev_platonic_solids\solovev_platonic_solids\debug\solovev_.eaa79df4.tlog\link.4736-cvtres.read.1.tlog
d:\computer graphics\solovev_platonic_solids\solovev_platonic_solids\debug\solovev_.eaa79df4.tlog\link.4736-cvtres.write.1.tlog
d:\computer graphics\solovev_platonic_solids\solovev_platonic_solids\debug\solovev_.eaa79df4.tlog\link.4736-rc.read.1.tlog
d:\computer graphics\solovev_platonic_solids\solovev_platonic_solids\debug\solovev_.eaa79df4.tlog\link.4736-rc.write.1.tlog
d:\computer graphics\solovev_platonic_solids\solovev_platonic_solids\debug\solovev_.eaa79df4.tlog\link.4736.read.1.tlog
d:\computer graphics\solovev_platonic_solids\solovev_platonic_solids\debug\solovev_.eaa79df4.tlog\link.4736.write.1.tlog
d:\computer graphics\solovev_platonic_solids\solovev_platonic_solids\debug\solovev_.eaa79df4.tlog\link.5020-cvtres.read.1.tlog
d:\computer graphics\solovev_platonic_solids\solovev_platonic_solids\debug\solovev_.eaa79df4.tlog\link.5020-cvtres.write.1.tlog
d:\computer graphics\solovev_platonic_solids\solovev_platonic_solids\debug\solovev_.eaa79df4.tlog\link.5020-rc.read.1.tlog
d:\computer graphics\solovev_platonic_solids\solovev_platonic_solids\debug\solovev_.eaa79df4.tlog\link.5020-rc.write.1.tlog
d:\computer graphics\solovev_platonic_solids\solovev_platonic_solids\debug\solovev_.eaa79df4.tlog\link.5020.read.1.tlog
d:\computer graphics\solovev_platonic_solids\solovev_platonic_solids\debug\solovev_.eaa79df4.tlog\link.5020.write.1.tlog
d:\computer graphics\solovev_platonic_solids\solovev_platonic_solids\debug\solovev_.eaa79df4.tlog\link.5144-cvtres.read.1.tlog
d:\computer graphics\solovev_platonic_solids\solovev_platonic_solids\debug\solovev_.eaa79df4.tlog\link.5144-cvtres.write.1.tlog
d:\computer graphics\solovev_platonic_solids\solovev_platonic_solids\debug\solovev_.eaa79df4.tlog\link.5144-rc.read.1.tlog
d:\computer graphics\solovev_platonic_solids\solovev_platonic_solids\debug\solovev_.eaa79df4.tlog\link.5144-rc.write.1.tlog
d:\computer graphics\solovev_platonic_solids\solovev_platonic_solids\debug\solovev_.eaa79df4.tlog\link.5144.read.1.tlog
d:\computer graphics\solovev_platonic_solids\solovev_platonic_solids\debug\solovev_.eaa79df4.tlog\link.5144.write.1.tlog
d:\computer graphics\solovev_platonic_solids\solovev_platonic_solids\debug\solovev_.eaa79df4.tlog\link.6424-cvtres.read.1.tlog
d:\computer graphics\solovev_platonic_solids\solovev_platonic_solids\debug\solovev_.eaa79df4.tlog\link.6424-cvtres.write.1.tlog
d:\computer graphics\solovev_platonic_solids\solovev_platonic_solids\debug\solovev_.eaa79df4.tlog\link.6424-rc.read.1.tlog
d:\computer graphics\solovev_platonic_solids\solovev_platonic_solids\debug\solovev_.eaa79df4.tlog\link.6424-rc.write.1.tlog
d:\computer graphics\solovev_platonic_solids\solovev_platonic_solids\debug\solovev_.eaa79df4.tlog\link.6424.read.1.tlog
d:\computer graphics\solovev_platonic_solids\solovev_platonic_solids\debug\solovev_.eaa79df4.tlog\link.6424.write.1.tlog
d:\computer graphics\solovev_platonic_solids\solovev_platonic_solids\debug\solovev_.eaa79df4.tlog\link.6452-cvtres.read.1.tlog
d:\computer graphics\solovev_platonic_solids\solovev_platonic_solids\debug\solovev_.eaa79df4.tlog\link.6452-cvtres.write.1.tlog
d:\computer graphics\solovev_platonic_solids\solovev_platonic_solids\debug\solovev_.eaa79df4.tlog\link.6452-rc.read.1.tlog
d:\computer graphics\solovev_platonic_solids\solovev_platonic_solids\debug\solovev_.eaa79df4.tlog\link.6452-rc.write.1.tlog
d:\computer graphics\solovev_platonic_solids\solovev_platonic_solids\debug\solovev_.eaa79df4.tlog\link.6452.read.1.tlog
d:\computer graphics\solovev_platonic_solids\solovev_platonic_solids\debug\solovev_.eaa79df4.tlog\link.6452.write.1.tlog
d:\computer graphics\solovev_platonic_solids\solovev_platonic_solids\debug\solovev_.eaa79df4.tlog\link.6800-cvtres.read.1.tlog
d:\computer graphics\solovev_platonic_solids\solovev_platonic_solids\debug\solovev_.eaa79df4.tlog\link.6800-cvtres.write.1.tlog
d:\computer graphics\solovev_platonic_solids\solovev_platonic_solids\debug\solovev_.eaa79df4.tlog\link.6800-rc.read.1.tlog
d:\computer graphics\solovev_platonic_solids\solovev_platonic_solids\debug\solovev_.eaa79df4.tlog\link.6800-rc.write.1.tlog
d:\computer graphics\solovev_platonic_solids\solovev_platonic_solids\debug\solovev_.eaa79df4.tlog\link.6800.read.1.tlog
d:\computer graphics\solovev_platonic_solids\solovev_platonic_solids\debug\solovev_.eaa79df4.tlog\link.6800.write.1.tlog
d:\computer graphics\solovev_platonic_solids\solovev_platonic_solids\debug\solovev_.eaa79df4.tlog\link.command.1.tlog
d:\computer graphics\solovev_platonic_solids\solovev_platonic_solids\debug\solovev_.eaa79df4.tlog\link.read.1.tlog
d:\computer graphics\solovev_platonic_solids\solovev_platonic_solids\debug\solovev_.eaa79df4.tlog\link.write.1.tlog
d:\computer graphics\solovev_platonic_solids\solovev_platonic_solids\debug\solovev_.eaa79df4.tlog\metagen.read.1.tlog
d:\computer graphics\solovev_platonic_solids\solovev_platonic_solids\debug\solovev_.eaa79df4.tlog\metagen.write.1.tlog
d:\computer graphics\solovev_platonic_solids\solovev_platonic_solids\debug\solovev_.eaa79df4.tlog\solovev_platonic_solids.write.1u.tlog
d:\computer graphics\solovev_platonic_solids\solovev_platonic_solids\debug\solovev_.eaa79df4.tlog\rsaenh.dll.bi
d:\computer graphics\solovev_platonic_solids\solovev_platonic_solids\debug\solovev_.eaa79df4.tlog\tzres.dll.bi
