Build started 22.01.2017 13:19:35.
     1>Project "D:\Computer_Graphics\Solovev_Platonic_Solids\Solovev_Platonic_Solids\Solovev_Platonic_Solids.vcxproj" on node 2 (Build target(s)).
     1>ClCompile:
         C:\Program Files (x86)\Microsoft Visual Studio 12.0\VC\bin\CL.exe /c /AI"C:\Program Files (x86)\Reference Assemblies\Microsoft\Framework\.NETFramework\v4.5\\" /AI"C:\Program Files (x86)\Windows Kits\8.1\References\CommonConfiguration\Neutral" /AI"C:\Program Files (x86)\Reference Assemblies\Microsoft\Framework\.NETFramework\v4.5\Facades\\" /Zi /clr /nologo /W3 /WX- /Od /Oy- /D WIN32 /D _DEBUG /D _UNICODE /D UNICODE /EHa /MDd /GS /fp:precise /Zc:wchar_t /Zc:forScope /Fo"Debug\\" /Fd"Debug\vc120.pdb" /TP /FU"C:\Program Files (x86)\Reference Assemblies\Microsoft\Framework\.NETFramework\v4.5\mscorlib.dll" /FU"C:\Program Files (x86)\Reference Assemblies\Microsoft\Framework\.NETFramework\v4.5\System.Data.dll" /FU"C:\Program Files (x86)\Reference Assemblies\Microsoft\Framework\.NETFramework\v4.5\System.dll" /FU"C:\Program Files (x86)\Reference Assemblies\Microsoft\Framework\.NETFramework\v4.5\System.Drawing.dll" /FU"C:\Program Files (x86)\Reference Assemblies\Microsoft\Framework\.NETFramework\v4.5\System.Windows.Forms.dll" /FU"C:\Program Files (x86)\Reference Assemblies\Microsoft\Framework\.NETFramework\v4.5\System.Xml.dll" /analyze- /errorReport:prompt /clr:nostdlib Figure.cpp MatrixMethods.cpp MyForm.cpp MyFormAbout.cpp MyPyramid.cpp
         Figure.cpp
         MatrixMethods.cpp
         MyForm.cpp
         MyFormAbout.cpp
         MyPyramid.cpp
         Generating Code...
         C:\Program Files (x86)\Microsoft Visual Studio 12.0\VC\bin\CL.exe /c /Zi /clr /nologo /W3 /WX- /Od /Oy- /D WIN32 /D _DEBUG /D _UNICODE /D UNICODE /EHa /MDd /GS /fp:precise /Zc:wchar_t /Zc:forScope /Fo"Debug\\" /Fd"Debug\vc120.pdb" /TP /analyze- /errorReport:prompt "C:\Users\Andrey\AppData\Local\Temp\.NETFramework,Version=v4.5.AssemblyAttributes.cpp"
         .NETFramework,Version=v4.5.AssemblyAttributes.cpp
       Link:
         C:\Program Files (x86)\Microsoft Visual Studio 12.0\VC\bin\link.exe /ERRORREPORT:PROMPT /OUT:"D:\Computer_Graphics\Solovev_Platonic_Solids\Debug\Solovev_Platonic_Solids.exe" /INCREMENTAL /NOLOGO /ASSEMBLYRESOURCE:Debug\Solovev_Platonic_Solids.MyForm.resources /ASSEMBLYRESOURCE:Debug\Solovev_Platonic_Solids.MyFormAbout.resources /MANIFEST /MANIFESTUAC:"level='asInvoker' uiAccess='false'" /manifest:embed /DEBUG /PDB:"D:\Computer_Graphics\Solovev_Platonic_Solids\Debug\Solovev_Platonic_Solids.pdb" /ASSEMBLYDEBUG /SUBSYSTEM:WINDOWS /TLBID:1 /ENTRY:"main" /DYNAMICBASE /FIXED:NO /NXCOMPAT /MACHINE:X86 Debug\Figure.obj
         Debug\MatrixMethods.obj
         Debug\MyForm.obj
         Debug\MyFormAbout.obj
         Debug\MyPyramid.obj
         "Debug\.NETFramework,Version=v4.5.AssemblyAttributes.obj"
         Solovev_Platonic_Solids.vcxproj -> D:\Computer_Graphics\Solovev_Platonic_Solids\Debug\Solovev_Platonic_Solids.exe
     1>Done Building Project "D:\Computer_Graphics\Solovev_Platonic_Solids\Solovev_Platonic_Solids\Solovev_Platonic_Solids.vcxproj" (Build target(s)).

Build succeeded.

Time Elapsed 00:00:03.73
